[0m23:56:11.287166 [debug] [MainThread]: Sending event: {'category': 'dbt', 'action': 'invocation', 'label': 'start', 'context': [<snowplow_tracker.self_describing_json.SelfDescribingJson object at 0x000002443F5E1160>, <snowplow_tracker.self_describing_json.SelfDescribingJson object at 0x000002443C1891D0>, <snowplow_tracker.self_describing_json.SelfDescribingJson object at 0x000002444168FC50>]}


============================== 23:56:11.295746 | 01ca6b91-a29f-45fb-91a6-709aaffdbb61 ==============================
[0m23:56:11.295746 [info ] [MainThread]: Running with dbt=1.12.0-b1
[0m23:56:11.296721 [debug] [MainThread]: running dbt with arguments {'version_check': 'True', 'no_print': 'None', 'static_parser': 'True', 'target_path': 'None', 'warn_error_options': 'WarnErrorOptionsV2(error=[], warn=[], silence=[])', 'printer_width': '80', 'write_json': 'True', 'empty': 'None', 'log_cache_events': 'False', 'introspect': 'True', 'cache_selected_only': 'False', 'log_format': 'default', 'debug': 'False', 'fail_fast': 'False', 'partial_parse': 'True', 'send_anonymous_usage_stats': 'True', 'quiet': 'False', 'warn_error': 'None', 'profiles_dir': 'C:\\Users\\chris\\.dbt', 'invocation_command': 'dbt init citibike_dbt', 'indirect_selection': 'eager', 'use_colors': 'True', 'use_experimental_parser': 'False', 'log_path': 'logs'}
[0m23:56:11.319768 [info ] [MainThread]: Creating dbt configuration folder at C:\Users\chris\.dbt
[0m23:56:11.323769 [debug] [MainThread]: Starter project path: C:\Users\chris\AppData\Local\Programs\Python\Python313\Lib\site-packages\dbt\include\starter_project
[0m23:56:11.358117 [info ] [MainThread]: Setting up your profile.
[0m23:56:50.701447 [error] [MainThread]: [[31mERROR[0m]: Encountered an error:

[0m23:56:50.707870 [error] [MainThread]: Traceback (most recent call last):
  File "C:\Users\chris\AppData\Local\Programs\Python\Python313\Lib\site-packages\dbt\cli\requires.py", line 184, in wrapper
    result, success = func(*args, **kwargs)
                      ~~~~^^^^^^^^^^^^^^^^^
  File "C:\Users\chris\AppData\Local\Programs\Python\Python313\Lib\site-packages\dbt\cli\requires.py", line 130, in wrapper
    return func(*args, **kwargs)
  File "C:\Users\chris\AppData\Local\Programs\Python\Python313\Lib\site-packages\dbt\cli\main.py", line 499, in init
    results = task.run()
  File "C:\Users\chris\AppData\Local\Programs\Python\Python313\Lib\site-packages\dbt\task\init.py", line 360, in run
    self.setup_profile(profile_name)
    ~~~~~~~~~~~~~~~~~~^^^^^^^^^^^^^^
  File "C:\Users\chris\AppData\Local\Programs\Python\Python313\Lib\site-packages\dbt\task\init.py", line 264, in setup_profile
    self.create_profile_from_target(adapter, profile_name=profile_name)
    ~~~~~~~~~~~~~~~~~~~~~~~~~~~~~~~^^^^^^^^^^^^^^^^^^^^^^^^^^^^^^^^^^^^
  File "C:\Users\chris\AppData\Local\Programs\Python\Python313\Lib\site-packages\dbt\task\init.py", line 181, in create_profile_from_target
    self.create_profile_from_profile_template(profile_template, profile_name)
    ~~~~~~~~~~~~~~~~~~~~~~~~~~~~~~~~~~~~~~~~~^^^^^^^^^^^^^^^^^^^^^^^^^^^^^^^^
  File "C:\Users\chris\AppData\Local\Programs\Python\Python313\Lib\site-packages\dbt\task\init.py", line 165, in create_profile_from_profile_template
    target = self.generate_target_from_input(prompts, initial_target)
  File "C:\Users\chris\AppData\Local\Programs\Python\Python313\Lib\site-packages\dbt\task\init.py", line 131, in generate_target_from_input
    target[key] = click.prompt(
                  ~~~~~~~~~~~~^
        text, default=default, hide_input=hide_input, type=type
        ^^^^^^^^^^^^^^^^^^^^^^^^^^^^^^^^^^^^^^^^^^^^^^^^^^^^^^^
    )
    ^
  File "C:\Users\chris\AppData\Local\Programs\Python\Python313\Lib\site-packages\click\termui.py", line 179, in prompt
    value = prompt_func(prompt)
  File "C:\Users\chris\AppData\Local\Programs\Python\Python313\Lib\site-packages\click\termui.py", line 162, in prompt_func
    raise Abort() from None
click.exceptions.Abort

[0m23:56:50.709474 [debug] [MainThread]: Command `dbt init` failed at 23:56:50.709325 after 39.65 seconds
[0m23:56:50.710118 [debug] [MainThread]: Sending event: {'category': 'dbt', 'action': 'invocation', 'label': 'end', 'context': [<snowplow_tracker.self_describing_json.SelfDescribingJson object at 0x0000024441C58640>, <snowplow_tracker.self_describing_json.SelfDescribingJson object at 0x0000024441BE6210>, <snowplow_tracker.self_describing_json.SelfDescribingJson object at 0x0000024441B96250>]}
[0m23:56:50.710654 [debug] [MainThread]: Flushing usage events
[0m23:56:51.421196 [debug] [MainThread]: An error was encountered while trying to flush usage events
[0m23:57:01.908669 [debug] [MainThread]: Sending event: {'category': 'dbt', 'action': 'invocation', 'label': 'start', 'context': [<snowplow_tracker.self_describing_json.SelfDescribingJson object at 0x0000016F45979160>, <snowplow_tracker.self_describing_json.SelfDescribingJson object at 0x0000016F425091D0>, <snowplow_tracker.self_describing_json.SelfDescribingJson object at 0x0000016F47A03C50>]}


============================== 23:57:01.913660 | 8d122883-0bdd-4bfe-896c-a5021b87f673 ==============================
[0m23:57:01.913660 [info ] [MainThread]: Running with dbt=1.12.0-b1
[0m23:57:01.914209 [debug] [MainThread]: running dbt with arguments {'version_check': 'True', 'no_print': 'None', 'static_parser': 'True', 'warn_error_options': 'WarnErrorOptionsV2(error=[], warn=[], silence=[])', 'target_path': 'None', 'printer_width': '80', 'write_json': 'True', 'empty': 'None', 'log_cache_events': 'False', 'introspect': 'True', 'cache_selected_only': 'False', 'log_format': 'default', 'debug': 'False', 'fail_fast': 'False', 'profiles_dir': 'C:\\Users\\chris\\.dbt', 'send_anonymous_usage_stats': 'True', 'quiet': 'False', 'warn_error': 'None', 'partial_parse': 'True', 'use_colors': 'True', 'indirect_selection': 'eager', 'invocation_command': 'dbt init citibike_dbt', 'use_experimental_parser': 'False', 'log_path': 'logs'}
[0m23:57:01.944695 [info ] [MainThread]: A project called citibike_dbt already exists here.
[0m23:57:01.946059 [debug] [MainThread]: Command `dbt init` succeeded at 23:57:01.945917 after 0.20 seconds
[0m23:57:01.946383 [debug] [MainThread]: Sending event: {'category': 'dbt', 'action': 'invocation', 'label': 'end', 'context': [<snowplow_tracker.self_describing_json.SelfDescribingJson object at 0x0000016F47A50B00>, <snowplow_tracker.self_describing_json.SelfDescribingJson object at 0x0000016F468EB0B0>, <snowplow_tracker.self_describing_json.SelfDescribingJson object at 0x0000016F47A3A250>]}
[0m23:57:01.946696 [debug] [MainThread]: Flushing usage events
[0m23:57:02.468079 [debug] [MainThread]: An error was encountered while trying to flush usage events
[0m00:05:23.885069 [debug] [MainThread]: Sending event: {'category': 'dbt', 'action': 'invocation', 'label': 'start', 'context': [<snowplow_tracker.self_describing_json.SelfDescribingJson object at 0x000001B6CC509160>, <snowplow_tracker.self_describing_json.SelfDescribingJson object at 0x000001B6C90E91D0>, <snowplow_tracker.self_describing_json.SelfDescribingJson object at 0x000001B6CE593C50>]}


============================== 00:05:23.891657 | 16ad34ba-200d-4451-914e-d1e3191ec932 ==============================
[0m00:05:23.891657 [info ] [MainThread]: Running with dbt=1.12.0-b1
[0m00:05:23.892843 [debug] [MainThread]: running dbt with arguments {'static_parser': 'True', 'no_print': 'None', 'version_check': 'True', 'target_path': 'None', 'warn_error_options': 'WarnErrorOptionsV2(error=[], warn=[], silence=[])', 'printer_width': '80', 'write_json': 'True', 'empty': 'None', 'log_cache_events': 'False', 'introspect': 'True', 'cache_selected_only': 'False', 'fail_fast': 'False', 'debug': 'False', 'log_format': 'default', 'profiles_dir': 'C:\\Users\\chris\\.dbt', 'send_anonymous_usage_stats': 'True', 'quiet': 'False', 'warn_error': 'None', 'partial_parse': 'True', 'use_colors': 'True', 'invocation_command': 'dbt init citibike_dbt', 'indirect_selection': 'eager', 'use_experimental_parser': 'False', 'log_path': 'logs'}
[0m00:05:23.928500 [debug] [MainThread]: Starter project path: C:\Users\chris\AppData\Local\Programs\Python\Python313\Lib\site-packages\dbt\include\starter_project
[0m00:05:23.993435 [info ] [MainThread]: Setting up your profile.
[0m00:06:17.242862 [error] [MainThread]: [[31mERROR[0m]: Encountered an error:

[0m00:06:17.247022 [error] [MainThread]: Traceback (most recent call last):
  File "C:\Users\chris\AppData\Local\Programs\Python\Python313\Lib\site-packages\dbt\cli\requires.py", line 184, in wrapper
    result, success = func(*args, **kwargs)
                      ~~~~^^^^^^^^^^^^^^^^^
  File "C:\Users\chris\AppData\Local\Programs\Python\Python313\Lib\site-packages\dbt\cli\requires.py", line 130, in wrapper
    return func(*args, **kwargs)
  File "C:\Users\chris\AppData\Local\Programs\Python\Python313\Lib\site-packages\dbt\cli\main.py", line 499, in init
    results = task.run()
  File "C:\Users\chris\AppData\Local\Programs\Python\Python313\Lib\site-packages\dbt\task\init.py", line 360, in run
    self.setup_profile(profile_name)
    ~~~~~~~~~~~~~~~~~~^^^^^^^^^^^^^^
  File "C:\Users\chris\AppData\Local\Programs\Python\Python313\Lib\site-packages\dbt\task\init.py", line 264, in setup_profile
    self.create_profile_from_target(adapter, profile_name=profile_name)
    ~~~~~~~~~~~~~~~~~~~~~~~~~~~~~~~^^^^^^^^^^^^^^^^^^^^^^^^^^^^^^^^^^^^
  File "C:\Users\chris\AppData\Local\Programs\Python\Python313\Lib\site-packages\dbt\task\init.py", line 181, in create_profile_from_target
    self.create_profile_from_profile_template(profile_template, profile_name)
    ~~~~~~~~~~~~~~~~~~~~~~~~~~~~~~~~~~~~~~~~~^^^^^^^^^^^^^^^^^^^^^^^^^^^^^^^^
  File "C:\Users\chris\AppData\Local\Programs\Python\Python313\Lib\site-packages\dbt\task\init.py", line 165, in create_profile_from_profile_template
    target = self.generate_target_from_input(prompts, initial_target)
  File "C:\Users\chris\AppData\Local\Programs\Python\Python313\Lib\site-packages\dbt\task\init.py", line 131, in generate_target_from_input
    target[key] = click.prompt(
                  ~~~~~~~~~~~~^
        text, default=default, hide_input=hide_input, type=type
        ^^^^^^^^^^^^^^^^^^^^^^^^^^^^^^^^^^^^^^^^^^^^^^^^^^^^^^^
    )
    ^
  File "C:\Users\chris\AppData\Local\Programs\Python\Python313\Lib\site-packages\click\termui.py", line 179, in prompt
    value = prompt_func(prompt)
  File "C:\Users\chris\AppData\Local\Programs\Python\Python313\Lib\site-packages\click\termui.py", line 162, in prompt_func
    raise Abort() from None
click.exceptions.Abort

[0m00:06:17.248239 [debug] [MainThread]: Command `dbt init` failed at 00:06:17.248087 after 53.57 seconds
[0m00:06:17.248649 [debug] [MainThread]: Sending event: {'category': 'dbt', 'action': 'invocation', 'label': 'end', 'context': [<snowplow_tracker.self_describing_json.SelfDescribingJson object at 0x000001B6CEB94050>, <snowplow_tracker.self_describing_json.SelfDescribingJson object at 0x000001B6CEB51D90>, <snowplow_tracker.self_describing_json.SelfDescribingJson object at 0x000001B6CEAC2140>]}
[0m00:06:17.249300 [debug] [MainThread]: Flushing usage events
[0m00:06:18.009822 [debug] [MainThread]: An error was encountered while trying to flush usage events
[0m00:06:37.468583 [debug] [MainThread]: Sending event: {'category': 'dbt', 'action': 'invocation', 'label': 'start', 'context': [<snowplow_tracker.self_describing_json.SelfDescribingJson object at 0x000001A4DF449160>, <snowplow_tracker.self_describing_json.SelfDescribingJson object at 0x000001A4DC0691D0>, <snowplow_tracker.self_describing_json.SelfDescribingJson object at 0x000001A4E14D7C50>]}


============================== 00:06:37.475240 | 14d747c0-117a-4fda-9173-919e4cee5a33 ==============================
[0m00:06:37.475240 [info ] [MainThread]: Running with dbt=1.12.0-b1
[0m00:06:37.476176 [debug] [MainThread]: running dbt with arguments {'version_check': 'True', 'no_print': 'None', 'static_parser': 'True', 'target_path': 'None', 'warn_error_options': 'WarnErrorOptionsV2(error=[], warn=[], silence=[])', 'printer_width': '80', 'write_json': 'True', 'introspect': 'True', 'log_cache_events': 'False', 'empty': 'None', 'cache_selected_only': 'False', 'fail_fast': 'False', 'debug': 'False', 'log_format': 'default', 'profiles_dir': 'C:\\Users\\chris\\.dbt', 'send_anonymous_usage_stats': 'True', 'quiet': 'False', 'warn_error': 'None', 'partial_parse': 'True', 'invocation_command': 'dbt init citibike_dbt', 'use_colors': 'True', 'indirect_selection': 'eager', 'use_experimental_parser': 'False', 'log_path': 'logs'}
[0m00:06:37.508109 [debug] [MainThread]: Starter project path: C:\Users\chris\AppData\Local\Programs\Python\Python313\Lib\site-packages\dbt\include\starter_project
[0m00:06:37.576245 [info ] [MainThread]: Setting up your profile.
[0m00:07:42.140734 [info ] [MainThread]: Profile citibike_dbt written to C:\Users\chris\.dbt\profiles.yml using target's profile_template.yml and your supplied values.
[0m00:07:42.144234 [info ] [MainThread]: Running dbt debug to validate the project...
[0m00:07:42.145145 [info ] [MainThread]: dbt version: 1.12.0-b1
[0m00:07:42.145588 [info ] [MainThread]: python version: 3.13.5
[0m00:07:42.146050 [info ] [MainThread]: python path: C:\Users\chris\AppData\Local\Programs\Python\Python313\python.exe
[0m00:07:42.146496 [info ] [MainThread]: os info: Windows-11-10.0.26200-SP0
[0m00:07:42.203464 [info ] [MainThread]: Using profiles dir at C:\Users\chris\.dbt
[0m00:07:42.204246 [info ] [MainThread]: Using profiles.yml file at C:\Users\chris\.dbt\profiles.yml
[0m00:07:42.204898 [info ] [MainThread]: Using dbt_project.yml file at C:\Users\chris\Desktop\citi-bike-kafka-pipeline\citibike_dbt\dbt_project.yml
[0m00:07:42.207254 [info ] [MainThread]: adapter type: postgres
[0m00:07:42.207795 [info ] [MainThread]: adapter version: 1.10.0
[0m00:07:42.413674 [info ] [MainThread]: Configuration:
[0m00:07:42.414476 [info ] [MainThread]:   profiles.yml file [[32mOK found and valid[0m]
[0m00:07:42.415080 [info ] [MainThread]:   dbt_project.yml file [[32mOK found and valid[0m]
[0m00:07:42.415649 [info ] [MainThread]: Required dependencies:
[0m00:07:42.416229 [debug] [MainThread]: Executing "git --help"
[0m00:07:42.494820 [debug] [MainThread]: STDOUT: "b"usage: git [-v | --version] [-h | --help] [-C <path>] [-c <name>=<value>]\n           [--exec-path[=<path>]] [--html-path] [--man-path] [--info-path]\n           [-p | --paginate | -P | --no-pager] [--no-replace-objects] [--no-lazy-fetch]\n           [--no-optional-locks] [--no-advice] [--bare] [--git-dir=<path>]\n           [--work-tree=<path>] [--namespace=<name>] [--config-env=<name>=<envvar>]\n           <command> [<args>]\n\nThese are common Git commands used in various situations:\n\nstart a working area (see also: git help tutorial)\n   clone      Clone a repository into a new directory\n   init       Create an empty Git repository or reinitialize an existing one\n\nwork on the current change (see also: git help everyday)\n   add        Add file contents to the index\n   mv         Move or rename a file, a directory, or a symlink\n   restore    Restore working tree files\n   rm         Remove files from the working tree and from the index\n\nexamine the history and state (see also: git help revisions)\n   bisect     Use binary search to find the commit that introduced a bug\n   diff       Show changes between commits, commit and working tree, etc\n   grep       Print lines matching a pattern\n   log        Show commit logs\n   show       Show various types of objects\n   status     Show the working tree status\n\ngrow, mark and tweak your common history\n   backfill   Download missing objects in a partial clone\n   branch     List, create, or delete branches\n   commit     Record changes to the repository\n   merge      Join two or more development histories together\n   rebase     Reapply commits on top of another base tip\n   reset      Reset current HEAD to the specified state\n   switch     Switch branches\n   tag        Create, list, delete or verify tags\n\ncollaborate (see also: git help workflows)\n   fetch      Download objects and refs from another repository\n   pull       Fetch from and integrate with another repository or a local branch\n   push       Update remote refs along with associated objects\n\n'git help -a' and 'git help -g' list available subcommands and some\nconcept guides. See 'git help <command>' or 'git help <concept>'\nto read about a specific subcommand or concept.\nSee 'git help git' for an overview of the system.\n""
[0m00:07:42.495448 [debug] [MainThread]: STDERR: "b''"
[0m00:07:42.496085 [info ] [MainThread]:  - git [[32mOK found[0m]

[0m00:07:42.496604 [info ] [MainThread]: Connection:
[0m00:07:42.497078 [info ] [MainThread]:   host: postgres
[0m00:07:42.497534 [info ] [MainThread]:   port: 6543
[0m00:07:42.498028 [info ] [MainThread]:   user: postgres.gvnkmwpprdovctodhxxc
[0m00:07:42.498468 [info ] [MainThread]:   database: postgres
[0m00:07:42.498962 [info ] [MainThread]:   schema: public
[0m00:07:42.499442 [info ] [MainThread]:   connect_timeout: 10
[0m00:07:42.499876 [info ] [MainThread]:   role: None
[0m00:07:42.500351 [info ] [MainThread]:   search_path: None
[0m00:07:42.500786 [info ] [MainThread]:   keepalives_idle: 0
[0m00:07:42.501201 [info ] [MainThread]:   sslmode: None
[0m00:07:42.501611 [info ] [MainThread]:   sslcert: None
[0m00:07:42.501963 [info ] [MainThread]:   sslkey: None
[0m00:07:42.502289 [info ] [MainThread]:   sslrootcert: None
[0m00:07:42.502632 [info ] [MainThread]:   application_name: dbt
[0m00:07:42.503082 [info ] [MainThread]:   retries: 1
[0m00:07:42.503931 [info ] [MainThread]: Registered adapter: postgres=1.10.0
[0m00:07:43.051983 [debug] [MainThread]: Acquiring new postgres connection 'debug'
[0m00:07:46.627726 [debug] [MainThread]: Using postgres connection "debug"
[0m00:07:46.628195 [debug] [MainThread]: On debug: select 1 as id
[0m00:07:46.628491 [debug] [MainThread]: Opening a new connection, currently in state init
[0m00:07:58.469079 [debug] [MainThread]: Postgres adapter: Got a retryable error when attempting to open a postgres connection.
1 attempts remaining. Retrying in 0 seconds.
Error:
could not translate host name "postgres" to address: Name or service not known

[0m00:08:01.154173 [debug] [MainThread]: Postgres adapter: Error running SQL: select 1 as id
[0m00:08:01.155016 [debug] [MainThread]: Postgres adapter: Rolling back transaction.
[0m00:08:01.155881 [debug] [MainThread]: On debug: No close available on handle
[0m00:08:01.156500 [info ] [MainThread]:   Connection test: [[31mERROR[0m]

[0m00:08:01.157280 [info ] [MainThread]: [31m1 check failed:[0m
[0m00:08:01.158025 [info ] [MainThread]: dbt was unable to connect to the specified database.
The database returned the following error:

  >Database Error
  could not translate host name "postgres" to address: Name or service not known
  

Check your database credentials and try again. For more information, visit:
https://docs.getdbt.com/docs/configure-your-profile


[0m00:08:01.159511 [info ] [MainThread]: Your new dbt project "citibike_dbt" was created!
Initialized new project in C:\Users\chris\Desktop\citi-bike-kafka-pipeline\citibike_dbt\citibike_dbt

For more information on how to configure the profiles.yml file,
please consult the dbt documentation here:

  https://docs.getdbt.com/docs/configure-your-profile

One more thing:

Need help? Don't hesitate to reach out to us via GitHub issues or on Slack:

  https://community.getdbt.com/

Happy modeling!

[0m00:08:01.160672 [info ] [MainThread]: [31mYour profile may need adjustments. You can find the logs of `dbt debug` above[0m
[0m00:08:01.162401 [debug] [MainThread]: Command `dbt init` succeeded at 00:08:01.162157 after 83.89 seconds
[0m00:08:01.162987 [debug] [MainThread]: Connection 'debug' was properly closed.
[0m00:08:01.163717 [debug] [MainThread]: Sending event: {'category': 'dbt', 'action': 'invocation', 'label': 'end', 'context': [<snowplow_tracker.self_describing_json.SelfDescribingJson object at 0x000001A4E03BDBA0>, <snowplow_tracker.self_describing_json.SelfDescribingJson object at 0x000001A4E03BB0B0>, <snowplow_tracker.self_describing_json.SelfDescribingJson object at 0x000001A4E1B2B680>]}
[0m00:08:01.164397 [debug] [MainThread]: Flushing usage events
[0m00:08:01.935095 [debug] [MainThread]: An error was encountered while trying to flush usage events
